<?xml version="1.0" encoding="UTF-8"?>
<!-- Generated by org.testng.reporters.JUnitXMLReporter -->
<testsuite ignored="0" hostname="DESKTOP-BNUNDM5" failures="0" tests="10" name="Default test" time="78.636" errors="0" timestamp="17 mar. 2020 01:30:38 GMT">
  <testcase classname="Tests.SauceDemoTest" name="completeOrder" time="5.164"/>
  <testcase classname="Tests.SauceDemoTest" name="fillMailingInformation" time="4.18"/>
  <testcase classname="Tests.SauceDemoTest" name="fillMailingInformationWithMissingInfo" time="4.235"/>
  <testcase classname="Tests.SauceDemoTest" name="invalidUserLogin" time="0.634"/>
  <testcase classname="Tests.SauceDemoTest" name="logoutFromPage" time="3.509"/>
  <testcase classname="Tests.SauceDemoTest" name="openCartPage" time="3.361"/>
  <testcase classname="Tests.SauceDemoTest" name="openMultipleItemsToCart" time="3.443"/>
  <testcase classname="Tests.SauceDemoTest" name="openSingleItemToCart" time="3.358"/>
  <testcase classname="Tests.SauceDemoTest" name="validUserLogin" time="2.757"/>
  <testcase classname="Tests.SauceDemoTest" name="validateItemsInCartAndOverviewPages" time="5.139"/>
</testsuite> <!-- Default test -->
