<?xml version="1.0" encoding="UTF-8"?>
<!-- Generated by org.testng.reporters.JUnitXMLReporter -->
<testsuite ignored="9" hostname="DESKTOP-BNUNDM5" failures="0" tests="1" name="test" time="7.995" errors="0" timestamp="17 mar. 2020 01:11:19 GMT">
  <testcase classname="Tests.SauceDemoTest" name="validUserLogin" time="2.718"/>
  <testcase classname="Tests.SauceDemoTest" name="fillMailingInformation" time="0.0">
    <ignored/>
  </testcase> <!-- fillMailingInformation -->
  <testcase classname="Tests.SauceDemoTest" name="openCartPage" time="0.0">
    <ignored/>
  </testcase> <!-- openCartPage -->
  <testcase classname="Tests.SauceDemoTest" name="invalidUserLogin" time="0.0">
    <ignored/>
  </testcase> <!-- invalidUserLogin -->
  <testcase classname="Tests.SauceDemoTest" name="validateItemsInCartAndOverviewPages" time="0.0">
    <ignored/>
  </testcase> <!-- validateItemsInCartAndOverviewPages -->
  <testcase classname="Tests.SauceDemoTest" name="logoutFromPage" time="0.0">
    <ignored/>
  </testcase> <!-- logoutFromPage -->
  <testcase classname="Tests.SauceDemoTest" name="fillMailingInformationWithMissingInfo" time="0.0">
    <ignored/>
  </testcase> <!-- fillMailingInformationWithMissingInfo -->
  <testcase classname="Tests.SauceDemoTest" name="completeOrder" time="0.0">
    <ignored/>
  </testcase> <!-- completeOrder -->
  <testcase classname="Tests.SauceDemoTest" name="openSingleItemToCart" time="0.0">
    <ignored/>
  </testcase> <!-- openSingleItemToCart -->
  <testcase classname="Tests.SauceDemoTest" name="openMultipleItemsToCart" time="0.0">
    <ignored/>
  </testcase> <!-- openMultipleItemsToCart -->
</testsuite> <!-- test -->
