<?xml version="1.0" encoding="UTF-8"?>
<testng-results ignored="0" total="10" passed="10" failed="0" skipped="0">
  <reporter-output>
    <line>
      <![CDATA[At login page]]>
    </line>
    <line>
      <![CDATA[Logging in]]>
    </line>
    <line>
      <![CDATA[At inventory page]]>
    </line>
    <line>
      <![CDATA[3 items added to cart]]>
    </line>
    <line>
      <![CDATA[Opening cart page]]>
    </line>
    <line>
      <![CDATA[At cart page]]>
    </line>
    <line>
      <![CDATA[Checkout cart products]]>
    </line>
    <line>
      <![CDATA[At mailing information page]]>
    </line>
    <line>
      <![CDATA[Mailing information submited]]>
    </line>
    <line>
      <![CDATA[At overview page]]>
    </line>
    <line>
      <![CDATA[Click on complete order]]>
    </line>
    <line>
      <![CDATA[Order completed succesfully]]>
    </line>
    <line>
      <![CDATA[At login page]]>
    </line>
    <line>
      <![CDATA[Logging in]]>
    </line>
    <line>
      <![CDATA[At inventory page]]>
    </line>
    <line>
      <![CDATA[Item added to cart]]>
    </line>
    <line>
      <![CDATA[Opening cart page]]>
    </line>
    <line>
      <![CDATA[At cart page]]>
    </line>
    <line>
      <![CDATA[Checkout cart products]]>
    </line>
    <line>
      <![CDATA[At mailing information page]]>
    </line>
    <line>
      <![CDATA[Mailing information submited]]>
    </line>
    <line>
      <![CDATA[At overview page]]>
    </line>
    <line>
      <![CDATA[At login page]]>
    </line>
    <line>
      <![CDATA[Logging in]]>
    </line>
    <line>
      <![CDATA[At inventory page]]>
    </line>
    <line>
      <![CDATA[Item added to cart]]>
    </line>
    <line>
      <![CDATA[Opening cart page]]>
    </line>
    <line>
      <![CDATA[At cart page]]>
    </line>
    <line>
      <![CDATA[Checkout cart products]]>
    </line>
    <line>
      <![CDATA[At mailing information page]]>
    </line>
    <line>
      <![CDATA[Mailing information submited]]>
    </line>
    <line>
      <![CDATA[Error Message Displayed]]>
    </line>
    <line>
      <![CDATA[At login page]]>
    </line>
    <line>
      <![CDATA[Logging in]]>
    </line>
    <line>
      <![CDATA[Error message displayed]]>
    </line>
    <line>
      <![CDATA[At login page]]>
    </line>
    <line>
      <![CDATA[Logging in]]>
    </line>
    <line>
      <![CDATA[At inventory page]]>
    </line>
    <line>
      <![CDATA[Log out]]>
    </line>
    <line>
      <![CDATA[At login page]]>
    </line>
    <line>
      <![CDATA[At login page]]>
    </line>
    <line>
      <![CDATA[Logging in]]>
    </line>
    <line>
      <![CDATA[At inventory page]]>
    </line>
    <line>
      <![CDATA[Opening cart page]]>
    </line>
    <line>
      <![CDATA[At cart page]]>
    </line>
    <line>
      <![CDATA[At login page]]>
    </line>
    <line>
      <![CDATA[Logging in]]>
    </line>
    <line>
      <![CDATA[At inventory page]]>
    </line>
    <line>
      <![CDATA[3 items added to cart]]>
    </line>
    <line>
      <![CDATA[Opening cart page]]>
    </line>
    <line>
      <![CDATA[At cart page]]>
    </line>
    <line>
      <![CDATA[3 items addded correctly]]>
    </line>
    <line>
      <![CDATA[At login page]]>
    </line>
    <line>
      <![CDATA[Logging in]]>
    </line>
    <line>
      <![CDATA[At inventory page]]>
    </line>
    <line>
      <![CDATA[One item added to cart]]>
    </line>
    <line>
      <![CDATA[Opening cart page]]>
    </line>
    <line>
      <![CDATA[At cart page]]>
    </line>
    <line>
      <![CDATA[Item addded correctly]]>
    </line>
    <line>
      <![CDATA[At login page]]>
    </line>
    <line>
      <![CDATA[Logging in]]>
    </line>
    <line>
      <![CDATA[At inventory page]]>
    </line>
    <line>
      <![CDATA[At login page]]>
    </line>
    <line>
      <![CDATA[Logging in]]>
    </line>
    <line>
      <![CDATA[At inventory page]]>
    </line>
    <line>
      <![CDATA[3 items added to cart]]>
    </line>
    <line>
      <![CDATA[Opening cart page]]>
    </line>
    <line>
      <![CDATA[At cart page]]>
    </line>
    <line>
      <![CDATA[Checkout cart products]]>
    </line>
    <line>
      <![CDATA[At mailing information page]]>
    </line>
    <line>
      <![CDATA[Mailing information submited]]>
    </line>
    <line>
      <![CDATA[At overview page]]>
    </line>
    <line>
      <![CDATA[Products are correct]]>
    </line>
  </reporter-output>
  <suite started-at="2020-03-17T01:29:20Z" name="Default suite" finished-at="2020-03-17T01:30:38Z" duration-ms="78636">
    <groups>
    </groups>
    <test started-at="2020-03-17T01:29:20Z" name="Default test" finished-at="2020-03-17T01:30:38Z" duration-ms="78636">
      <class name="Tests.SauceDemoTest">
        <test-method is-config="true" signature="beforeTest()[pri:0, instance:Tests.SauceDemoTest@71c8becc]" started-at="2020-03-17T01:29:20Z" name="beforeTest" finished-at="2020-03-17T01:29:20Z" duration-ms="29" status="PASS">
          <reporter-output>
          </reporter-output>
        </test-method> <!-- beforeTest -->
        <test-method is-config="true" signature="beforeMethod()[pri:0, instance:Tests.SauceDemoTest@71c8becc]" started-at="2020-03-17T01:29:20Z" name="beforeMethod" finished-at="2020-03-17T01:29:24Z" duration-ms="4622" status="PASS">
          <reporter-output>
          </reporter-output>
        </test-method> <!-- beforeMethod -->
        <test-method signature="completeOrder()[pri:0, instance:Tests.SauceDemoTest@71c8becc]" started-at="2020-03-17T01:29:24Z" name="completeOrder" finished-at="2020-03-17T01:29:29Z" duration-ms="5164" status="PASS">
          <reporter-output>
            <line>
              <![CDATA[At login page]]>
            </line>
            <line>
              <![CDATA[Logging in]]>
            </line>
            <line>
              <![CDATA[At inventory page]]>
            </line>
            <line>
              <![CDATA[3 items added to cart]]>
            </line>
            <line>
              <![CDATA[Opening cart page]]>
            </line>
            <line>
              <![CDATA[At cart page]]>
            </line>
            <line>
              <![CDATA[Checkout cart products]]>
            </line>
            <line>
              <![CDATA[At mailing information page]]>
            </line>
            <line>
              <![CDATA[Mailing information submited]]>
            </line>
            <line>
              <![CDATA[At overview page]]>
            </line>
            <line>
              <![CDATA[Click on complete order]]>
            </line>
            <line>
              <![CDATA[Order completed succesfully]]>
            </line>
          </reporter-output>
        </test-method> <!-- completeOrder -->
        <test-method is-config="true" signature="afterMethod()[pri:0, instance:Tests.SauceDemoTest@71c8becc]" started-at="2020-03-17T01:29:29Z" name="afterMethod" finished-at="2020-03-17T01:29:31Z" duration-ms="1112" status="PASS">
          <reporter-output>
          </reporter-output>
        </test-method> <!-- afterMethod -->
        <test-method is-config="true" signature="beforeMethod()[pri:0, instance:Tests.SauceDemoTest@71c8becc]" started-at="2020-03-17T01:29:31Z" name="beforeMethod" finished-at="2020-03-17T01:29:34Z" duration-ms="3172" status="PASS">
          <reporter-output>
          </reporter-output>
        </test-method> <!-- beforeMethod -->
        <test-method signature="fillMailingInformation()[pri:0, instance:Tests.SauceDemoTest@71c8becc]" started-at="2020-03-17T01:29:34Z" name="fillMailingInformation" finished-at="2020-03-17T01:29:38Z" duration-ms="4180" status="PASS">
          <reporter-output>
            <line>
              <![CDATA[At login page]]>
            </line>
            <line>
              <![CDATA[Logging in]]>
            </line>
            <line>
              <![CDATA[At inventory page]]>
            </line>
            <line>
              <![CDATA[Item added to cart]]>
            </line>
            <line>
              <![CDATA[Opening cart page]]>
            </line>
            <line>
              <![CDATA[At cart page]]>
            </line>
            <line>
              <![CDATA[Checkout cart products]]>
            </line>
            <line>
              <![CDATA[At mailing information page]]>
            </line>
            <line>
              <![CDATA[Mailing information submited]]>
            </line>
            <line>
              <![CDATA[At overview page]]>
            </line>
          </reporter-output>
        </test-method> <!-- fillMailingInformation -->
        <test-method is-config="true" signature="afterMethod()[pri:0, instance:Tests.SauceDemoTest@71c8becc]" started-at="2020-03-17T01:29:38Z" name="afterMethod" finished-at="2020-03-17T01:29:39Z" duration-ms="1127" status="PASS">
          <reporter-output>
          </reporter-output>
        </test-method> <!-- afterMethod -->
        <test-method is-config="true" signature="beforeMethod()[pri:0, instance:Tests.SauceDemoTest@71c8becc]" started-at="2020-03-17T01:29:39Z" name="beforeMethod" finished-at="2020-03-17T01:29:42Z" duration-ms="3078" status="PASS">
          <reporter-output>
          </reporter-output>
        </test-method> <!-- beforeMethod -->
        <test-method signature="fillMailingInformationWithMissingInfo()[pri:0, instance:Tests.SauceDemoTest@71c8becc]" started-at="2020-03-17T01:29:42Z" name="fillMailingInformationWithMissingInfo" finished-at="2020-03-17T01:29:46Z" duration-ms="4235" status="PASS">
          <reporter-output>
            <line>
              <![CDATA[At login page]]>
            </line>
            <line>
              <![CDATA[Logging in]]>
            </line>
            <line>
              <![CDATA[At inventory page]]>
            </line>
            <line>
              <![CDATA[Item added to cart]]>
            </line>
            <line>
              <![CDATA[Opening cart page]]>
            </line>
            <line>
              <![CDATA[At cart page]]>
            </line>
            <line>
              <![CDATA[Checkout cart products]]>
            </line>
            <line>
              <![CDATA[At mailing information page]]>
            </line>
            <line>
              <![CDATA[Mailing information submited]]>
            </line>
            <line>
              <![CDATA[Error Message Displayed]]>
            </line>
          </reporter-output>
        </test-method> <!-- fillMailingInformationWithMissingInfo -->
        <test-method is-config="true" signature="afterMethod()[pri:0, instance:Tests.SauceDemoTest@71c8becc]" started-at="2020-03-17T01:29:46Z" name="afterMethod" finished-at="2020-03-17T01:29:48Z" duration-ms="1509" status="PASS">
          <reporter-output>
          </reporter-output>
        </test-method> <!-- afterMethod -->
        <test-method is-config="true" signature="beforeMethod()[pri:0, instance:Tests.SauceDemoTest@71c8becc]" started-at="2020-03-17T01:29:48Z" name="beforeMethod" finished-at="2020-03-17T01:29:51Z" duration-ms="3095" status="PASS">
          <reporter-output>
          </reporter-output>
        </test-method> <!-- beforeMethod -->
        <test-method signature="invalidUserLogin()[pri:0, instance:Tests.SauceDemoTest@71c8becc]" started-at="2020-03-17T01:29:51Z" name="invalidUserLogin" finished-at="2020-03-17T01:29:52Z" duration-ms="634" status="PASS">
          <reporter-output>
            <line>
              <![CDATA[At login page]]>
            </line>
            <line>
              <![CDATA[Logging in]]>
            </line>
            <line>
              <![CDATA[Error message displayed]]>
            </line>
          </reporter-output>
        </test-method> <!-- invalidUserLogin -->
        <test-method is-config="true" signature="afterMethod()[pri:0, instance:Tests.SauceDemoTest@71c8becc]" started-at="2020-03-17T01:29:52Z" name="afterMethod" finished-at="2020-03-17T01:29:52Z" duration-ms="774" status="PASS">
          <reporter-output>
          </reporter-output>
        </test-method> <!-- afterMethod -->
        <test-method is-config="true" signature="beforeMethod()[pri:0, instance:Tests.SauceDemoTest@71c8becc]" started-at="2020-03-17T01:29:52Z" name="beforeMethod" finished-at="2020-03-17T01:29:56Z" duration-ms="3194" status="PASS">
          <reporter-output>
          </reporter-output>
        </test-method> <!-- beforeMethod -->
        <test-method signature="logoutFromPage()[pri:0, instance:Tests.SauceDemoTest@71c8becc]" started-at="2020-03-17T01:29:56Z" name="logoutFromPage" finished-at="2020-03-17T01:29:59Z" duration-ms="3509" status="PASS">
          <reporter-output>
            <line>
              <![CDATA[At login page]]>
            </line>
            <line>
              <![CDATA[Logging in]]>
            </line>
            <line>
              <![CDATA[At inventory page]]>
            </line>
            <line>
              <![CDATA[Log out]]>
            </line>
            <line>
              <![CDATA[At login page]]>
            </line>
          </reporter-output>
        </test-method> <!-- logoutFromPage -->
        <test-method is-config="true" signature="afterMethod()[pri:0, instance:Tests.SauceDemoTest@71c8becc]" started-at="2020-03-17T01:29:59Z" name="afterMethod" finished-at="2020-03-17T01:30:00Z" duration-ms="747" status="PASS">
          <reporter-output>
          </reporter-output>
        </test-method> <!-- afterMethod -->
        <test-method is-config="true" signature="beforeMethod()[pri:0, instance:Tests.SauceDemoTest@71c8becc]" started-at="2020-03-17T01:30:00Z" name="beforeMethod" finished-at="2020-03-17T01:30:03Z" duration-ms="3110" status="PASS">
          <reporter-output>
          </reporter-output>
        </test-method> <!-- beforeMethod -->
        <test-method signature="openCartPage()[pri:0, instance:Tests.SauceDemoTest@71c8becc]" started-at="2020-03-17T01:30:03Z" name="openCartPage" finished-at="2020-03-17T01:30:06Z" duration-ms="3361" status="PASS">
          <reporter-output>
            <line>
              <![CDATA[At login page]]>
            </line>
            <line>
              <![CDATA[Logging in]]>
            </line>
            <line>
              <![CDATA[At inventory page]]>
            </line>
            <line>
              <![CDATA[Opening cart page]]>
            </line>
            <line>
              <![CDATA[At cart page]]>
            </line>
          </reporter-output>
        </test-method> <!-- openCartPage -->
        <test-method is-config="true" signature="afterMethod()[pri:0, instance:Tests.SauceDemoTest@71c8becc]" started-at="2020-03-17T01:30:06Z" name="afterMethod" finished-at="2020-03-17T01:30:07Z" duration-ms="1164" status="PASS">
          <reporter-output>
          </reporter-output>
        </test-method> <!-- afterMethod -->
        <test-method is-config="true" signature="beforeMethod()[pri:0, instance:Tests.SauceDemoTest@71c8becc]" started-at="2020-03-17T01:30:07Z" name="beforeMethod" finished-at="2020-03-17T01:30:11Z" duration-ms="3085" status="PASS">
          <reporter-output>
          </reporter-output>
        </test-method> <!-- beforeMethod -->
        <test-method signature="openMultipleItemsToCart()[pri:0, instance:Tests.SauceDemoTest@71c8becc]" started-at="2020-03-17T01:30:11Z" name="openMultipleItemsToCart" finished-at="2020-03-17T01:30:14Z" duration-ms="3443" status="PASS">
          <reporter-output>
            <line>
              <![CDATA[At login page]]>
            </line>
            <line>
              <![CDATA[Logging in]]>
            </line>
            <line>
              <![CDATA[At inventory page]]>
            </line>
            <line>
              <![CDATA[3 items added to cart]]>
            </line>
            <line>
              <![CDATA[Opening cart page]]>
            </line>
            <line>
              <![CDATA[At cart page]]>
            </line>
            <line>
              <![CDATA[3 items addded correctly]]>
            </line>
          </reporter-output>
        </test-method> <!-- openMultipleItemsToCart -->
        <test-method is-config="true" signature="afterMethod()[pri:0, instance:Tests.SauceDemoTest@71c8becc]" started-at="2020-03-17T01:30:14Z" name="afterMethod" finished-at="2020-03-17T01:30:15Z" duration-ms="1235" status="PASS">
          <reporter-output>
          </reporter-output>
        </test-method> <!-- afterMethod -->
        <test-method is-config="true" signature="beforeMethod()[pri:0, instance:Tests.SauceDemoTest@71c8becc]" started-at="2020-03-17T01:30:15Z" name="beforeMethod" finished-at="2020-03-17T01:30:18Z" duration-ms="3085" status="PASS">
          <reporter-output>
          </reporter-output>
        </test-method> <!-- beforeMethod -->
        <test-method signature="openSingleItemToCart()[pri:0, instance:Tests.SauceDemoTest@71c8becc]" started-at="2020-03-17T01:30:18Z" name="openSingleItemToCart" finished-at="2020-03-17T01:30:22Z" duration-ms="3358" status="PASS">
          <reporter-output>
            <line>
              <![CDATA[At login page]]>
            </line>
            <line>
              <![CDATA[Logging in]]>
            </line>
            <line>
              <![CDATA[At inventory page]]>
            </line>
            <line>
              <![CDATA[One item added to cart]]>
            </line>
            <line>
              <![CDATA[Opening cart page]]>
            </line>
            <line>
              <![CDATA[At cart page]]>
            </line>
            <line>
              <![CDATA[Item addded correctly]]>
            </line>
          </reporter-output>
        </test-method> <!-- openSingleItemToCart -->
        <test-method is-config="true" signature="afterMethod()[pri:0, instance:Tests.SauceDemoTest@71c8becc]" started-at="2020-03-17T01:30:22Z" name="afterMethod" finished-at="2020-03-17T01:30:22Z" duration-ms="804" status="PASS">
          <reporter-output>
          </reporter-output>
        </test-method> <!-- afterMethod -->
        <test-method is-config="true" signature="beforeMethod()[pri:0, instance:Tests.SauceDemoTest@71c8becc]" started-at="2020-03-17T01:30:22Z" name="beforeMethod" finished-at="2020-03-17T01:30:26Z" duration-ms="3151" status="PASS">
          <reporter-output>
          </reporter-output>
        </test-method> <!-- beforeMethod -->
        <test-method signature="validUserLogin(java.lang.String)[pri:0, instance:Tests.SauceDemoTest@71c8becc]" started-at="2020-03-17T01:30:26Z" name="validUserLogin" data-provider="standard_user" finished-at="2020-03-17T01:30:28Z" duration-ms="2757" status="PASS">
          <params>
            <param index="0">
              <value>
                <![CDATA[standard_user,secret_sauce]]>
              </value>
            </param>
          </params>
          <reporter-output>
            <line>
              <![CDATA[At login page]]>
            </line>
            <line>
              <![CDATA[Logging in]]>
            </line>
            <line>
              <![CDATA[At inventory page]]>
            </line>
          </reporter-output>
        </test-method> <!-- validUserLogin -->
        <test-method is-config="true" signature="afterMethod()[pri:0, instance:Tests.SauceDemoTest@71c8becc]" started-at="2020-03-17T01:30:28Z" name="afterMethod" finished-at="2020-03-17T01:30:29Z" duration-ms="768" status="PASS">
          <reporter-output>
          </reporter-output>
        </test-method> <!-- afterMethod -->
        <test-method is-config="true" signature="beforeMethod()[pri:0, instance:Tests.SauceDemoTest@71c8becc]" started-at="2020-03-17T01:30:29Z" name="beforeMethod" finished-at="2020-03-17T01:30:32Z" duration-ms="3109" status="PASS">
          <reporter-output>
          </reporter-output>
        </test-method> <!-- beforeMethod -->
        <test-method signature="validateItemsInCartAndOverviewPages()[pri:0, instance:Tests.SauceDemoTest@71c8becc]" started-at="2020-03-17T01:30:32Z" name="validateItemsInCartAndOverviewPages" finished-at="2020-03-17T01:30:37Z" duration-ms="5139" status="PASS">
          <reporter-output>
            <line>
              <![CDATA[At login page]]>
            </line>
            <line>
              <![CDATA[Logging in]]>
            </line>
            <line>
              <![CDATA[At inventory page]]>
            </line>
            <line>
              <![CDATA[3 items added to cart]]>
            </line>
            <line>
              <![CDATA[Opening cart page]]>
            </line>
            <line>
              <![CDATA[At cart page]]>
            </line>
            <line>
              <![CDATA[Checkout cart products]]>
            </line>
            <line>
              <![CDATA[At mailing information page]]>
            </line>
            <line>
              <![CDATA[Mailing information submited]]>
            </line>
            <line>
              <![CDATA[At overview page]]>
            </line>
            <line>
              <![CDATA[Products are correct]]>
            </line>
          </reporter-output>
        </test-method> <!-- validateItemsInCartAndOverviewPages -->
        <test-method is-config="true" signature="afterMethod()[pri:0, instance:Tests.SauceDemoTest@71c8becc]" started-at="2020-03-17T01:30:37Z" name="afterMethod" finished-at="2020-03-17T01:30:38Z" duration-ms="790" status="PASS">
          <reporter-output>
          </reporter-output>
        </test-method> <!-- afterMethod -->
      </class> <!-- Tests.SauceDemoTest -->
    </test> <!-- Default test -->
  </suite> <!-- Default suite -->
</testng-results>
